<?xml version="1.0" encoding="UTF-8"?>
<testng-results ignored="0" total="1" passed="1" failed="0" skipped="0">
  <reporter-output>
  </reporter-output>
  <suite started-at="2024-02-06T17:24:50 IST" name="Default suite" finished-at="2024-02-06T17:24:57 IST" duration-ms="6805">
    <groups>
    </groups>
    <test started-at="2024-02-06T17:24:50 IST" name="Default test" finished-at="2024-02-06T17:24:57 IST" duration-ms="6805">
      <class name="ReportExample.reportexample">
        <test-method signature="test()[pri:0, instance:ReportExample.reportexample@4ea5b703]" started-at="2024-02-06T17:24:50 IST" name="test" finished-at="2024-02-06T17:24:57 IST" duration-ms="6766" status="PASS">
          <reporter-output>
          </reporter-output>
        </test-method> <!-- test -->
      </class> <!-- ReportExample.reportexample -->
    </test> <!-- Default test -->
  </suite> <!-- Default suite -->
</testng-results>
